1004210012
vector display
100
43
44
45
46
47
48
return value for insert test : 36

vector display
2
3
4
5
6
7
8
77
77
33
33
33
33
33
77
77
77
100
43
36
44
45
46
47
48

vector display
99
99
99
99
Instance of Observable created.
Instance of Observable created.
Instance of Observable destroyed.0
Instance of Observable destroyed.0
Instance of Observable destroyed.0
Instance of Observable destroyed.0
Instance of Observable destroyed.0
Instance of Observable destroyed.0
Instance of Observable destroyed.0
Instance of Observable destroyed.0
Instance of Observable destroyed.0
Instance of Observable destroyed.0
Instance of Observable destroyed.0
Instance of Observable destroyed.0
Instance of Observable destroyed.0
Instance of Observable destroyed.0
Instance of Observable destroyed.0
Instance of Observable destroyed.0
Instance of Observable destroyed.0

vector display
0
0
0
0
0
0
0
0
0
0
0
Instance of Observable destroyed.0
Instance of Observable destroyed.0
Instance of Observable destroyed.0
Instance of Observable destroyed.0
Instance of Observable destroyed.0
Instance of Observable destroyed.0
Instance of Observable destroyed.0
Instance of Observable destroyed.0
Instance of Observable destroyed.0
Instance of Observable destroyed.0
Instance of Observable destroyed.0
Instance of Observable destroyed.0
Instance of Observable destroyed.0
Instance of Observable destroyed.0
Instance of Observable destroyed.0
Instance of Observable destroyed.0
Instance of Observable destroyed.0
Instance of Observable destroyed.0
Instance of Observable destroyed.0
Instance of Observable destroyed.0
Instance of Observable destroyed.0

vector display
0
Instance of Observable destroyed.0
Instance of Observable created.
Instance of Observable destroyed.0
Instance of Observable destroyed.1
Instance of Observable created.
Instance of Observable destroyed.1
Instance of Observable destroyed.1
Instance of Observable destroyed.1
Instance of Observable destroyed.1
Instance of Observable destroyed.1
Instance of Observable destroyed.1
Instance of Observable destroyed.1
Instance of Observable destroyed.1
Instance of Observable destroyed.1
Instance of Observable destroyed.1
Instance of Observable destroyed.1
Instance of Observable destroyed.1
Instance of Observable destroyed.1
Instance of Observable destroyed.1
Instance of Observable destroyed.1
Instance of Observable destroyed.1
Instance of Observable destroyed.1
Instance of Observable destroyed.0
Instance of Observable destroyed.0

vector display
1
1
1
1
1
1
1
1
1
1
1
1
1
1
1
1
1
0
0
0
0
0
0
0
0
0
0
0
0
0
0
0
0
Instance of Observable destroyed.1
Instance of Observable destroyed.1
Instance of Observable destroyed.1
Instance of Observable destroyed.1
Instance of Observable destroyed.1
Instance of Observable destroyed.1
Instance of Observable destroyed.1
Instance of Observable destroyed.1
Instance of Observable destroyed.1
Instance of Observable destroyed.1
Instance of Observable destroyed.1
Instance of Observable destroyed.1
Instance of Observable destroyed.1
Instance of Observable destroyed.1
Instance of Observable destroyed.1
Instance of Observable destroyed.1
Instance of Observable destroyed.1
Instance of Observable destroyed.0
Instance of Observable destroyed.0
Instance of Observable destroyed.0
Instance of Observable destroyed.0
Instance of Observable destroyed.0
Instance of Observable destroyed.0
Instance of Observable destroyed.0
Instance of Observable destroyed.0
Instance of Observable destroyed.0
Instance of Observable destroyed.0
Instance of Observable destroyed.0
Instance of Observable destroyed.0
Instance of Observable destroyed.0
Instance of Observable destroyed.0
Instance of Observable destroyed.0
Instance of Observable destroyed.0

vector display
2
3
4
5
6
7
8

vector display
99
99
99
99

vector display
99
99
99
99

vector display
2
3
4
5
6
7
8
99
0
foo contains: 200 200 200 200 200
bar contains: 100 100 100
tmp before swap :100
tmp2 before swap : 11
tmp after swap :100
tmp2 after swap : 11
foo contains:
11
22
33
bar contains:
100
200
iter through bar contains :
100
200
tmp2 : 11
11
22
33

vector display
11
22
33

vector display
73
173
763
73854
74683
753

vector display
100
200
200
100
33
22
11
73
173
763
73854
74683
753

vector display
11
22
33

vector display
100
200

vector display
73
173
763
73854
74683
753
100
200
11
22
33
753
74683
73854
763
173
73
Instance of Observable destroyed.0
Instance of Observable destroyed.0
Instance of Observable destroyed.0
Instance of Observable destroyed.1
Instance of Observable destroyed.1
Instance of Observable destroyed.1
Instance of Observable destroyed.1
Instance of Observable destroyed.1
Instance of Observable destroyed.1
Instance of Observable destroyed.1
Instance of Observable destroyed.1
Instance of Observable destroyed.1
Instance of Observable destroyed.1
Instance of Observable destroyed.1
Instance of Observable destroyed.1
Instance of Observable destroyed.1
Instance of Observable destroyed.1
Instance of Observable destroyed.1
Instance of Observable destroyed.1
Instance of Observable destroyed.1
Instance of Observable destroyed.0
Instance of Observable destroyed.0
Instance of Observable destroyed.0
Instance of Observable destroyed.0
Instance of Observable destroyed.0
Instance of Observable destroyed.0
Instance of Observable destroyed.0
Instance of Observable destroyed.0
Instance of Observable destroyed.0
Instance of Observable destroyed.0
Instance of Observable destroyed.0
Instance of Observable destroyed.0
Instance of Observable destroyed.0
Instance of Observable destroyed.0
Instance of Observable destroyed.0
Instance of Observable destroyed.0
Instance of Observable destroyed.0
Instance of Observable destroyed.0
